[2.405s] DEBUG:colcon:Command line arguments: ['/usr/bin/colcon', 'build']
[2.405s] DEBUG:colcon:Parsed command line arguments: Namespace(log_base=None, log_level=None, verb_name='build', build_base='build', install_base='install', merge_install=False, symlink_install=False, test_result_base=None, continue_on_error=False, executor='parallel', parallel_workers=4, event_handlers=None, ignore_user_meta=False, metas=['./colcon.meta'], base_paths=['.'], packages_ignore=None, packages_ignore_regex=None, paths=None, packages_up_to=None, packages_up_to_regex=None, packages_above=None, packages_above_and_dependencies=None, packages_above_depth=None, packages_select_by_dep=None, packages_skip_by_dep=None, packages_skip_up_to=None, packages_select_build_failed=False, packages_skip_build_finished=False, packages_select_test_failures=False, packages_skip_test_passed=False, packages_select=None, packages_skip=None, packages_select_regex=None, packages_skip_regex=None, packages_start=None, packages_end=None, allow_overriding=[], cmake_args=None, cmake_target=None, cmake_target_skip_unavailable=False, cmake_clean_cache=False, cmake_clean_first=False, cmake_force_configure=False, ament_cmake_args=None, catkin_cmake_args=None, catkin_skip_building_tests=False, verb_parser=<colcon_defaults.argument_parser.defaults.DefaultArgumentsDecorator object at 0x77c079b54820>, verb_extension=<colcon_core.verb.build.BuildVerb object at 0x77c079b54250>, main=<bound method BuildVerb.main of <colcon_core.verb.build.BuildVerb object at 0x77c079b54250>>)
[9.721s] Level 1:colcon.colcon_core.package_discovery:discover_packages(colcon_meta) check parameters
[9.721s] Level 1:colcon.colcon_core.package_discovery:discover_packages(recursive) check parameters
[9.721s] Level 1:colcon.colcon_core.package_discovery:discover_packages(ignore) check parameters
[9.721s] Level 1:colcon.colcon_core.package_discovery:discover_packages(path) check parameters
[9.721s] Level 1:colcon.colcon_core.package_discovery:discover_packages(colcon_meta) discover
[9.721s] Level 1:colcon.colcon_core.package_discovery:discover_packages(recursive) discover
[9.721s] INFO:colcon.colcon_core.package_discovery:Crawling recursively for packages in '/home/mohamad/Inmind/Robotics-Session13-Assignment/Ball_follower'
[9.722s] Level 1:colcon.colcon_core.package_identification:_identify(.) by extensions ['ignore', 'ignore_ament_install']
[9.725s] Level 1:colcon.colcon_core.package_identification:_identify(.) by extension 'ignore'
[9.726s] Level 1:colcon.colcon_core.package_identification:_identify(.) by extension 'ignore_ament_install'
[9.726s] Level 1:colcon.colcon_core.package_identification:_identify(.) by extensions ['colcon_pkg']
[9.726s] Level 1:colcon.colcon_core.package_identification:_identify(.) by extension 'colcon_pkg'
[9.726s] Level 1:colcon.colcon_core.package_identification:_identify(.) by extensions ['colcon_meta']
[9.726s] Level 1:colcon.colcon_core.package_identification:_identify(.) by extension 'colcon_meta'
[9.726s] Level 1:colcon.colcon_core.package_identification:_identify(.) by extensions ['ros']
[9.726s] Level 1:colcon.colcon_core.package_identification:_identify(.) by extension 'ros'
[9.935s] Level 1:colcon.colcon_core.package_identification:_identify(.) by extensions ['cmake', 'python']
[9.943s] Level 1:colcon.colcon_core.package_identification:_identify(.) by extension 'cmake'
[9.946s] Level 1:colcon.colcon_core.package_identification:_identify(.) by extension 'python'
[9.946s] Level 1:colcon.colcon_core.package_identification:_identify(.) by extensions ['python_setup_py']
[9.949s] Level 1:colcon.colcon_core.package_identification:_identify(.) by extension 'python_setup_py'
[9.949s] Level 1:colcon.colcon_core.package_identification:_identify(build) by extensions ['ignore', 'ignore_ament_install']
[9.950s] Level 1:colcon.colcon_core.package_identification:_identify(build) by extension 'ignore'
[9.950s] Level 1:colcon.colcon_core.package_identification:_identify(build) ignored
[9.950s] Level 1:colcon.colcon_core.package_identification:_identify(install) by extensions ['ignore', 'ignore_ament_install']
[9.953s] Level 1:colcon.colcon_core.package_identification:_identify(install) by extension 'ignore'
[9.953s] Level 1:colcon.colcon_core.package_identification:_identify(install) ignored
[9.953s] Level 1:colcon.colcon_core.package_identification:_identify(log) by extensions ['ignore', 'ignore_ament_install']
[9.953s] Level 1:colcon.colcon_core.package_identification:_identify(log) by extension 'ignore'
[9.958s] Level 1:colcon.colcon_core.package_identification:_identify(log) ignored
[9.959s] Level 1:colcon.colcon_core.package_identification:_identify(src) by extensions ['ignore', 'ignore_ament_install']
[9.959s] Level 1:colcon.colcon_core.package_identification:_identify(src) by extension 'ignore'
[9.959s] Level 1:colcon.colcon_core.package_identification:_identify(src) by extension 'ignore_ament_install'
[9.962s] Level 1:colcon.colcon_core.package_identification:_identify(src) by extensions ['colcon_pkg']
[9.975s] Level 1:colcon.colcon_core.package_identification:_identify(src) by extension 'colcon_pkg'
[9.978s] Level 1:colcon.colcon_core.package_identification:_identify(src) by extensions ['colcon_meta']
[9.980s] Level 1:colcon.colcon_core.package_identification:_identify(src) by extension 'colcon_meta'
[9.980s] Level 1:colcon.colcon_core.package_identification:_identify(src) by extensions ['ros']
[9.980s] Level 1:colcon.colcon_core.package_identification:_identify(src) by extension 'ros'
[9.980s] Level 1:colcon.colcon_core.package_identification:_identify(src) by extensions ['cmake', 'python']
[9.981s] Level 1:colcon.colcon_core.package_identification:_identify(src) by extension 'cmake'
[9.981s] Level 1:colcon.colcon_core.package_identification:_identify(src) by extension 'python'
[9.981s] Level 1:colcon.colcon_core.package_identification:_identify(src) by extensions ['python_setup_py']
[9.981s] Level 1:colcon.colcon_core.package_identification:_identify(src) by extension 'python_setup_py'
[9.981s] Level 1:colcon.colcon_core.package_identification:_identify(src/yellow_ball_follower) by extensions ['ignore', 'ignore_ament_install']
[9.982s] Level 1:colcon.colcon_core.package_identification:_identify(src/yellow_ball_follower) by extension 'ignore'
[9.996s] Level 1:colcon.colcon_core.package_identification:_identify(src/yellow_ball_follower) by extension 'ignore_ament_install'
[9.997s] Level 1:colcon.colcon_core.package_identification:_identify(src/yellow_ball_follower) by extensions ['colcon_pkg']
[9.997s] Level 1:colcon.colcon_core.package_identification:_identify(src/yellow_ball_follower) by extension 'colcon_pkg'
[9.998s] Level 1:colcon.colcon_core.package_identification:_identify(src/yellow_ball_follower) by extensions ['colcon_meta']
[9.998s] Level 1:colcon.colcon_core.package_identification:_identify(src/yellow_ball_follower) by extension 'colcon_meta'
[9.998s] Level 1:colcon.colcon_core.package_identification:_identify(src/yellow_ball_follower) by extensions ['ros']
[9.998s] Level 1:colcon.colcon_core.package_identification:_identify(src/yellow_ball_follower) by extension 'ros'
[10.182s] DEBUG:colcon.colcon_core.package_identification:Package 'src/yellow_ball_follower' with type 'ros.ament_python' and name 'yellow_ball_follower'
[10.190s] Level 1:colcon.colcon_core.package_discovery:discover_packages(recursive) using defaults
[10.190s] Level 1:colcon.colcon_core.package_discovery:discover_packages(ignore) discover
[10.190s] Level 1:colcon.colcon_core.package_discovery:discover_packages(ignore) using defaults
[10.190s] Level 1:colcon.colcon_core.package_discovery:discover_packages(path) discover
[10.190s] Level 1:colcon.colcon_core.package_discovery:discover_packages(path) using defaults
[10.734s] Level 1:colcon.colcon_core.package_discovery:discover_packages(prefix_path) check parameters
[10.734s] Level 1:colcon.colcon_core.package_discovery:discover_packages(prefix_path) discover
[10.828s] DEBUG:colcon.colcon_installed_package_information.package_discovery:Found 1 installed packages in /home/mohamad/Inmind/Robotics-Session13-Assignment/Ball_follower/install
[10.896s] DEBUG:colcon.colcon_installed_package_information.package_discovery:Found 337 installed packages in /opt/ros/humble
[10.900s] Level 1:colcon.colcon_core.package_discovery:discover_packages(prefix_path) using defaults
[15.143s] Level 5:colcon.colcon_core.verb:set package 'yellow_ball_follower' build argument 'cmake_args' from command line to 'None'
[15.143s] Level 5:colcon.colcon_core.verb:set package 'yellow_ball_follower' build argument 'cmake_target' from command line to 'None'
[15.143s] Level 5:colcon.colcon_core.verb:set package 'yellow_ball_follower' build argument 'cmake_target_skip_unavailable' from command line to 'False'
[15.144s] Level 5:colcon.colcon_core.verb:set package 'yellow_ball_follower' build argument 'cmake_clean_cache' from command line to 'False'
[15.144s] Level 5:colcon.colcon_core.verb:set package 'yellow_ball_follower' build argument 'cmake_clean_first' from command line to 'False'
[15.144s] Level 5:colcon.colcon_core.verb:set package 'yellow_ball_follower' build argument 'cmake_force_configure' from command line to 'False'
[15.144s] Level 5:colcon.colcon_core.verb:set package 'yellow_ball_follower' build argument 'ament_cmake_args' from command line to 'None'
[15.144s] Level 5:colcon.colcon_core.verb:set package 'yellow_ball_follower' build argument 'catkin_cmake_args' from command line to 'None'
[15.144s] Level 5:colcon.colcon_core.verb:set package 'yellow_ball_follower' build argument 'catkin_skip_building_tests' from command line to 'False'
[15.144s] DEBUG:colcon.colcon_core.verb:Building package 'yellow_ball_follower' with the following arguments: {'ament_cmake_args': None, 'build_base': '/home/mohamad/Inmind/Robotics-Session13-Assignment/Ball_follower/build/yellow_ball_follower', 'catkin_cmake_args': None, 'catkin_skip_building_tests': False, 'cmake_args': None, 'cmake_clean_cache': False, 'cmake_clean_first': False, 'cmake_force_configure': False, 'cmake_target': None, 'cmake_target_skip_unavailable': False, 'install_base': '/home/mohamad/Inmind/Robotics-Session13-Assignment/Ball_follower/install/yellow_ball_follower', 'merge_install': False, 'path': '/home/mohamad/Inmind/Robotics-Session13-Assignment/Ball_follower/src/yellow_ball_follower', 'symlink_install': False, 'test_result_base': None}
[15.145s] INFO:colcon.colcon_core.executor:Executing jobs using 'parallel' executor
[15.146s] DEBUG:colcon.colcon_parallel_executor.executor.parallel:run_until_complete
[15.146s] INFO:colcon.colcon_ros.task.ament_python.build:Building ROS package in '/home/mohamad/Inmind/Robotics-Session13-Assignment/Ball_follower/src/yellow_ball_follower' with build type 'ament_python'
[15.146s] Level 1:colcon.colcon_core.shell:create_environment_hook('yellow_ball_follower', 'ament_prefix_path')
[15.235s] INFO:colcon.colcon_core.plugin_system:Skipping extension 'colcon_core.shell.bat': Not used on non-Windows systems
[15.235s] INFO:colcon.colcon_core.shell:Creating environment hook '/home/mohamad/Inmind/Robotics-Session13-Assignment/Ball_follower/install/yellow_ball_follower/share/yellow_ball_follower/hook/ament_prefix_path.ps1'
[15.288s] INFO:colcon.colcon_core.shell:Creating environment descriptor '/home/mohamad/Inmind/Robotics-Session13-Assignment/Ball_follower/install/yellow_ball_follower/share/yellow_ball_follower/hook/ament_prefix_path.dsv'
[15.365s] INFO:colcon.colcon_core.shell:Creating environment hook '/home/mohamad/Inmind/Robotics-Session13-Assignment/Ball_follower/install/yellow_ball_follower/share/yellow_ball_follower/hook/ament_prefix_path.sh'
[15.424s] INFO:colcon.colcon_core.shell:Skip shell extension 'powershell' for command environment: Not usable outside of PowerShell
[15.424s] DEBUG:colcon.colcon_core.shell:Skip shell extension 'dsv' for command environment
[17.055s] INFO:colcon.colcon_core.task.python.build:Building Python package in '/home/mohamad/Inmind/Robotics-Session13-Assignment/Ball_follower/src/yellow_ball_follower'
[17.056s] INFO:colcon.colcon_core.shell:Skip shell extension 'powershell' for command environment: Not usable outside of PowerShell
[17.056s] DEBUG:colcon.colcon_core.shell:Skip shell extension 'dsv' for command environment
[20.186s] DEBUG:colcon.colcon_core.event_handler.log_command:Invoking command in '/home/mohamad/Inmind/Robotics-Session13-Assignment/Ball_follower/src/yellow_ball_follower': PYTHONPATH=/home/mohamad/Inmind/Robotics-Session13-Assignment/Ball_follower/build/yellow_ball_follower/prefix_override:/usr/lib/python3/dist-packages/colcon_core/task/python/colcon_distutils_commands:/home/mohamad/Inmind/Robotics-Session13-Assignment/Ball_follower/install/yellow_ball_follower/lib/python3.10/site-packages:${PYTHONPATH} /usr/bin/python3 -W ignore:setup.py install is deprecated setup.py egg_info --egg-base ../../build/yellow_ball_follower build --build-base /home/mohamad/Inmind/Robotics-Session13-Assignment/Ball_follower/build/yellow_ball_follower/build install --record /home/mohamad/Inmind/Robotics-Session13-Assignment/Ball_follower/build/yellow_ball_follower/install.log --single-version-externally-managed install_data
[21.764s] DEBUG:colcon.colcon_core.event_handler.log_command:Invoked command in '/home/mohamad/Inmind/Robotics-Session13-Assignment/Ball_follower/src/yellow_ball_follower' returned '0': PYTHONPATH=/home/mohamad/Inmind/Robotics-Session13-Assignment/Ball_follower/build/yellow_ball_follower/prefix_override:/usr/lib/python3/dist-packages/colcon_core/task/python/colcon_distutils_commands:/home/mohamad/Inmind/Robotics-Session13-Assignment/Ball_follower/install/yellow_ball_follower/lib/python3.10/site-packages:${PYTHONPATH} /usr/bin/python3 -W ignore:setup.py install is deprecated setup.py egg_info --egg-base ../../build/yellow_ball_follower build --build-base /home/mohamad/Inmind/Robotics-Session13-Assignment/Ball_follower/build/yellow_ball_follower/build install --record /home/mohamad/Inmind/Robotics-Session13-Assignment/Ball_follower/build/yellow_ball_follower/install.log --single-version-externally-managed install_data
[21.809s] Level 1:colcon.colcon_core.environment:checking '/home/mohamad/Inmind/Robotics-Session13-Assignment/Ball_follower/install/yellow_ball_follower' for CMake module files
[21.809s] Level 1:colcon.colcon_core.environment:checking '/home/mohamad/Inmind/Robotics-Session13-Assignment/Ball_follower/install/yellow_ball_follower' for CMake config files
[21.810s] Level 1:colcon.colcon_core.environment:checking '/home/mohamad/Inmind/Robotics-Session13-Assignment/Ball_follower/install/yellow_ball_follower/lib'
[21.810s] Level 1:colcon.colcon_core.environment:checking '/home/mohamad/Inmind/Robotics-Session13-Assignment/Ball_follower/install/yellow_ball_follower/bin'
[21.811s] Level 1:colcon.colcon_core.environment:checking '/home/mohamad/Inmind/Robotics-Session13-Assignment/Ball_follower/install/yellow_ball_follower/lib/pkgconfig/yellow_ball_follower.pc'
[21.811s] Level 1:colcon.colcon_core.environment:checking '/home/mohamad/Inmind/Robotics-Session13-Assignment/Ball_follower/install/yellow_ball_follower/lib/python3.10/site-packages'
[21.811s] Level 1:colcon.colcon_core.shell:create_environment_hook('yellow_ball_follower', 'pythonpath')
[21.812s] INFO:colcon.colcon_core.shell:Creating environment hook '/home/mohamad/Inmind/Robotics-Session13-Assignment/Ball_follower/install/yellow_ball_follower/share/yellow_ball_follower/hook/pythonpath.ps1'
[21.813s] INFO:colcon.colcon_core.shell:Creating environment descriptor '/home/mohamad/Inmind/Robotics-Session13-Assignment/Ball_follower/install/yellow_ball_follower/share/yellow_ball_follower/hook/pythonpath.dsv'
[21.814s] INFO:colcon.colcon_core.shell:Creating environment hook '/home/mohamad/Inmind/Robotics-Session13-Assignment/Ball_follower/install/yellow_ball_follower/share/yellow_ball_follower/hook/pythonpath.sh'
[21.815s] Level 1:colcon.colcon_core.environment:checking '/home/mohamad/Inmind/Robotics-Session13-Assignment/Ball_follower/install/yellow_ball_follower/bin'
[21.815s] Level 1:colcon.colcon_core.environment:create_environment_scripts_only(yellow_ball_follower)
[21.816s] INFO:colcon.colcon_core.shell:Creating package script '/home/mohamad/Inmind/Robotics-Session13-Assignment/Ball_follower/install/yellow_ball_follower/share/yellow_ball_follower/package.ps1'
[21.818s] INFO:colcon.colcon_core.shell:Creating package descriptor '/home/mohamad/Inmind/Robotics-Session13-Assignment/Ball_follower/install/yellow_ball_follower/share/yellow_ball_follower/package.dsv'
[21.820s] INFO:colcon.colcon_core.shell:Creating package script '/home/mohamad/Inmind/Robotics-Session13-Assignment/Ball_follower/install/yellow_ball_follower/share/yellow_ball_follower/package.sh'
[21.822s] INFO:colcon.colcon_core.shell:Creating package script '/home/mohamad/Inmind/Robotics-Session13-Assignment/Ball_follower/install/yellow_ball_follower/share/yellow_ball_follower/package.bash'
[21.834s] INFO:colcon.colcon_core.shell:Creating package script '/home/mohamad/Inmind/Robotics-Session13-Assignment/Ball_follower/install/yellow_ball_follower/share/yellow_ball_follower/package.zsh'
[21.852s] Level 1:colcon.colcon_core.environment:create_file_with_runtime_dependencies(/home/mohamad/Inmind/Robotics-Session13-Assignment/Ball_follower/install/yellow_ball_follower/share/colcon-core/packages/yellow_ball_follower)
[21.853s] DEBUG:colcon.colcon_parallel_executor.executor.parallel:closing loop
[21.853s] DEBUG:colcon.colcon_parallel_executor.executor.parallel:loop closed
[21.854s] DEBUG:colcon.colcon_parallel_executor.executor.parallel:run_until_complete finished with '0'
[21.854s] DEBUG:colcon.colcon_core.event_reactor:joining thread
[21.908s] INFO:colcon.colcon_core.plugin_system:Skipping extension 'colcon_notification.desktop_notification.terminal_notifier': Not used on non-Darwin systems
[21.908s] INFO:colcon.colcon_core.plugin_system:Skipping extension 'colcon_notification.desktop_notification.win32': Not used on non-Windows systems
[21.908s] INFO:colcon.colcon_notification.desktop_notification:Sending desktop notification using 'notify2'
[22.004s] DEBUG:colcon.colcon_core.event_reactor:joined thread
[22.005s] INFO:colcon.colcon_core.shell:Creating prefix script '/home/mohamad/Inmind/Robotics-Session13-Assignment/Ball_follower/install/local_setup.ps1'
[22.027s] INFO:colcon.colcon_core.shell:Creating prefix util module '/home/mohamad/Inmind/Robotics-Session13-Assignment/Ball_follower/install/_local_setup_util_ps1.py'
[22.031s] INFO:colcon.colcon_core.shell:Creating prefix chain script '/home/mohamad/Inmind/Robotics-Session13-Assignment/Ball_follower/install/setup.ps1'
[22.054s] INFO:colcon.colcon_core.shell:Creating prefix script '/home/mohamad/Inmind/Robotics-Session13-Assignment/Ball_follower/install/local_setup.sh'
[22.081s] INFO:colcon.colcon_core.shell:Creating prefix util module '/home/mohamad/Inmind/Robotics-Session13-Assignment/Ball_follower/install/_local_setup_util_sh.py'
[22.082s] INFO:colcon.colcon_core.shell:Creating prefix chain script '/home/mohamad/Inmind/Robotics-Session13-Assignment/Ball_follower/install/setup.sh'
[22.116s] INFO:colcon.colcon_core.shell:Creating prefix script '/home/mohamad/Inmind/Robotics-Session13-Assignment/Ball_follower/install/local_setup.bash'
[22.178s] INFO:colcon.colcon_core.shell:Creating prefix chain script '/home/mohamad/Inmind/Robotics-Session13-Assignment/Ball_follower/install/setup.bash'
[22.233s] INFO:colcon.colcon_core.shell:Creating prefix script '/home/mohamad/Inmind/Robotics-Session13-Assignment/Ball_follower/install/local_setup.zsh'
[22.254s] INFO:colcon.colcon_core.shell:Creating prefix chain script '/home/mohamad/Inmind/Robotics-Session13-Assignment/Ball_follower/install/setup.zsh'
