[6.853s] Invoking command in '/home/mohamad/Inmind/Robotics-Session13-Assignment/Ball_follower/src/yellow_ball_follower': PYTHONPATH=/home/mohamad/Inmind/Robotics-Session13-Assignment/Ball_follower/build/yellow_ball_follower/prefix_override:/usr/lib/python3/dist-packages/colcon_core/task/python/colcon_distutils_commands:/home/mohamad/Inmind/Robotics-Session13-Assignment/Ball_follower/install/yellow_ball_follower/lib/python3.10/site-packages:${PYTHONPATH} /usr/bin/python3 -W ignore:setup.py install is deprecated setup.py egg_info --egg-base ../../build/yellow_ball_follower build --build-base /home/mohamad/Inmind/Robotics-Session13-Assignment/Ball_follower/build/yellow_ball_follower/build install --record /home/mohamad/Inmind/Robotics-Session13-Assignment/Ball_follower/build/yellow_ball_follower/install.log --single-version-externally-managed install_data
[7.869s] running egg_info
[7.874s] writing ../../build/yellow_ball_follower/yellow_ball_follower.egg-info/PKG-INFO
[7.928s] writing dependency_links to ../../build/yellow_ball_follower/yellow_ball_follower.egg-info/dependency_links.txt
[7.929s] writing entry points to ../../build/yellow_ball_follower/yellow_ball_follower.egg-info/entry_points.txt
[7.929s] writing requirements to ../../build/yellow_ball_follower/yellow_ball_follower.egg-info/requires.txt
[7.929s] writing top-level names to ../../build/yellow_ball_follower/yellow_ball_follower.egg-info/top_level.txt
[7.932s] reading manifest file '../../build/yellow_ball_follower/yellow_ball_follower.egg-info/SOURCES.txt'
[7.967s] writing manifest file '../../build/yellow_ball_follower/yellow_ball_follower.egg-info/SOURCES.txt'
[7.967s] running build
[7.968s] running build_py
[8.057s] copying yellow_ball_follower/ball_tracker_node.py -> /home/mohamad/Inmind/Robotics-Session13-Assignment/Ball_follower/build/yellow_ball_follower/build/lib/yellow_ball_follower
[8.057s] running install
[8.057s] running install_lib
[8.057s] copying /home/mohamad/Inmind/Robotics-Session13-Assignment/Ball_follower/build/yellow_ball_follower/build/lib/yellow_ball_follower/ball_tracker_node.py -> /home/mohamad/Inmind/Robotics-Session13-Assignment/Ball_follower/install/yellow_ball_follower/lib/python3.10/site-packages/yellow_ball_follower
[8.057s] byte-compiling /home/mohamad/Inmind/Robotics-Session13-Assignment/Ball_follower/install/yellow_ball_follower/lib/python3.10/site-packages/yellow_ball_follower/ball_tracker_node.py to ball_tracker_node.cpython-310.pyc
[8.063s] running install_data
[8.064s] creating /home/mohamad/Inmind/Robotics-Session13-Assignment/Ball_follower/install/yellow_ball_follower/share/yellow_ball_follower/launch
[8.064s] running install_egg_info
[8.075s] removing '/home/mohamad/Inmind/Robotics-Session13-Assignment/Ball_follower/install/yellow_ball_follower/lib/python3.10/site-packages/yellow_ball_follower-0.0.0-py3.10.egg-info' (and everything under it)
[8.162s] Copying ../../build/yellow_ball_follower/yellow_ball_follower.egg-info to /home/mohamad/Inmind/Robotics-Session13-Assignment/Ball_follower/install/yellow_ball_follower/lib/python3.10/site-packages/yellow_ball_follower-0.0.0-py3.10.egg-info
[8.163s] running install_scripts
[8.472s] Installing ball_tracker_node script to /home/mohamad/Inmind/Robotics-Session13-Assignment/Ball_follower/install/yellow_ball_follower/lib/yellow_ball_follower
[8.473s] writing list of installed files to '/home/mohamad/Inmind/Robotics-Session13-Assignment/Ball_follower/build/yellow_ball_follower/install.log'
[8.804s] Invoked command in '/home/mohamad/Inmind/Robotics-Session13-Assignment/Ball_follower/src/yellow_ball_follower' returned '0': PYTHONPATH=/home/mohamad/Inmind/Robotics-Session13-Assignment/Ball_follower/build/yellow_ball_follower/prefix_override:/usr/lib/python3/dist-packages/colcon_core/task/python/colcon_distutils_commands:/home/mohamad/Inmind/Robotics-Session13-Assignment/Ball_follower/install/yellow_ball_follower/lib/python3.10/site-packages:${PYTHONPATH} /usr/bin/python3 -W ignore:setup.py install is deprecated setup.py egg_info --egg-base ../../build/yellow_ball_follower build --build-base /home/mohamad/Inmind/Robotics-Session13-Assignment/Ball_follower/build/yellow_ball_follower/build install --record /home/mohamad/Inmind/Robotics-Session13-Assignment/Ball_follower/build/yellow_ball_follower/install.log --single-version-externally-managed install_data
