[11.524s] DEBUG:colcon:Command line arguments: ['/usr/bin/colcon', 'build']
[11.525s] DEBUG:colcon:Parsed command line arguments: Namespace(log_base=None, log_level=None, verb_name='build', build_base='build', install_base='install', merge_install=False, symlink_install=False, test_result_base=None, continue_on_error=False, executor='parallel', parallel_workers=4, event_handlers=None, ignore_user_meta=False, metas=['./colcon.meta'], base_paths=['.'], packages_ignore=None, packages_ignore_regex=None, paths=None, packages_up_to=None, packages_up_to_regex=None, packages_above=None, packages_above_and_dependencies=None, packages_above_depth=None, packages_select_by_dep=None, packages_skip_by_dep=None, packages_skip_up_to=None, packages_select_build_failed=False, packages_skip_build_finished=False, packages_select_test_failures=False, packages_skip_test_passed=False, packages_select=None, packages_skip=None, packages_select_regex=None, packages_skip_regex=None, packages_start=None, packages_end=None, allow_overriding=[], cmake_args=None, cmake_target=None, cmake_target_skip_unavailable=False, cmake_clean_cache=False, cmake_clean_first=False, cmake_force_configure=False, ament_cmake_args=None, catkin_cmake_args=None, catkin_skip_building_tests=False, verb_parser=<colcon_defaults.argument_parser.defaults.DefaultArgumentsDecorator object at 0x7bcfc4a4c820>, verb_extension=<colcon_core.verb.build.BuildVerb object at 0x7bcfc4a4c250>, main=<bound method BuildVerb.main of <colcon_core.verb.build.BuildVerb object at 0x7bcfc4a4c250>>)
[29.489s] Level 1:colcon.colcon_core.package_discovery:discover_packages(colcon_meta) check parameters
[29.503s] Level 1:colcon.colcon_core.package_discovery:discover_packages(recursive) check parameters
[29.511s] Level 1:colcon.colcon_core.package_discovery:discover_packages(ignore) check parameters
[29.523s] Level 1:colcon.colcon_core.package_discovery:discover_packages(path) check parameters
[29.524s] Level 1:colcon.colcon_core.package_discovery:discover_packages(colcon_meta) discover
[29.526s] Level 1:colcon.colcon_core.package_discovery:discover_packages(recursive) discover
[29.526s] INFO:colcon.colcon_core.package_discovery:Crawling recursively for packages in '/home/mohamad/Inmind/Robotics-Session13-Assignment/Ball_follower'
[29.527s] Level 1:colcon.colcon_core.package_identification:_identify(.) by extensions ['ignore', 'ignore_ament_install']
[29.528s] Level 1:colcon.colcon_core.package_identification:_identify(.) by extension 'ignore'
[29.534s] Level 1:colcon.colcon_core.package_identification:_identify(.) by extension 'ignore_ament_install'
[29.535s] Level 1:colcon.colcon_core.package_identification:_identify(.) by extensions ['colcon_pkg']
[29.536s] Level 1:colcon.colcon_core.package_identification:_identify(.) by extension 'colcon_pkg'
[29.540s] Level 1:colcon.colcon_core.package_identification:_identify(.) by extensions ['colcon_meta']
[29.548s] Level 1:colcon.colcon_core.package_identification:_identify(.) by extension 'colcon_meta'
[29.554s] Level 1:colcon.colcon_core.package_identification:_identify(.) by extensions ['ros']
[29.560s] Level 1:colcon.colcon_core.package_identification:_identify(.) by extension 'ros'
[30.013s] Level 1:colcon.colcon_core.package_identification:_identify(.) by extensions ['cmake', 'python']
[30.033s] Level 1:colcon.colcon_core.package_identification:_identify(.) by extension 'cmake'
[30.051s] Level 1:colcon.colcon_core.package_identification:_identify(.) by extension 'python'
[30.067s] Level 1:colcon.colcon_core.package_identification:_identify(.) by extensions ['python_setup_py']
[30.068s] Level 1:colcon.colcon_core.package_identification:_identify(.) by extension 'python_setup_py'
[30.070s] Level 1:colcon.colcon_core.package_identification:_identify(build) by extensions ['ignore', 'ignore_ament_install']
[30.071s] Level 1:colcon.colcon_core.package_identification:_identify(build) by extension 'ignore'
[30.102s] Level 1:colcon.colcon_core.package_identification:_identify(build) ignored
[30.233s] Level 1:colcon.colcon_core.package_identification:_identify(install) by extensions ['ignore', 'ignore_ament_install']
[30.235s] Level 1:colcon.colcon_core.package_identification:_identify(install) by extension 'ignore'
[30.247s] Level 1:colcon.colcon_core.package_identification:_identify(install) ignored
[30.299s] Level 1:colcon.colcon_core.package_identification:_identify(log) by extensions ['ignore', 'ignore_ament_install']
[30.319s] Level 1:colcon.colcon_core.package_identification:_identify(log) by extension 'ignore'
[30.333s] Level 1:colcon.colcon_core.package_identification:_identify(log) ignored
[30.336s] Level 1:colcon.colcon_core.package_identification:_identify(src) by extensions ['ignore', 'ignore_ament_install']
[30.358s] Level 1:colcon.colcon_core.package_identification:_identify(src) by extension 'ignore'
[30.362s] Level 1:colcon.colcon_core.package_identification:_identify(src) by extension 'ignore_ament_install'
[30.363s] Level 1:colcon.colcon_core.package_identification:_identify(src) by extensions ['colcon_pkg']
[30.363s] Level 1:colcon.colcon_core.package_identification:_identify(src) by extension 'colcon_pkg'
[30.363s] Level 1:colcon.colcon_core.package_identification:_identify(src) by extensions ['colcon_meta']
[30.363s] Level 1:colcon.colcon_core.package_identification:_identify(src) by extension 'colcon_meta'
[30.363s] Level 1:colcon.colcon_core.package_identification:_identify(src) by extensions ['ros']
[30.363s] Level 1:colcon.colcon_core.package_identification:_identify(src) by extension 'ros'
[30.363s] Level 1:colcon.colcon_core.package_identification:_identify(src) by extensions ['cmake', 'python']
[30.364s] Level 1:colcon.colcon_core.package_identification:_identify(src) by extension 'cmake'
[30.364s] Level 1:colcon.colcon_core.package_identification:_identify(src) by extension 'python'
[30.364s] Level 1:colcon.colcon_core.package_identification:_identify(src) by extensions ['python_setup_py']
[30.364s] Level 1:colcon.colcon_core.package_identification:_identify(src) by extension 'python_setup_py'
[30.364s] Level 1:colcon.colcon_core.package_identification:_identify(src/yellow_ball_follower) by extensions ['ignore', 'ignore_ament_install']
[30.365s] Level 1:colcon.colcon_core.package_identification:_identify(src/yellow_ball_follower) by extension 'ignore'
[30.365s] Level 1:colcon.colcon_core.package_identification:_identify(src/yellow_ball_follower) by extension 'ignore_ament_install'
[30.365s] Level 1:colcon.colcon_core.package_identification:_identify(src/yellow_ball_follower) by extensions ['colcon_pkg']
[30.365s] Level 1:colcon.colcon_core.package_identification:_identify(src/yellow_ball_follower) by extension 'colcon_pkg'
[30.365s] Level 1:colcon.colcon_core.package_identification:_identify(src/yellow_ball_follower) by extensions ['colcon_meta']
[30.365s] Level 1:colcon.colcon_core.package_identification:_identify(src/yellow_ball_follower) by extension 'colcon_meta'
[30.365s] Level 1:colcon.colcon_core.package_identification:_identify(src/yellow_ball_follower) by extensions ['ros']
[30.365s] Level 1:colcon.colcon_core.package_identification:_identify(src/yellow_ball_follower) by extension 'ros'
[30.524s] DEBUG:colcon.colcon_core.package_identification:Package 'src/yellow_ball_follower' with type 'ros.ament_python' and name 'yellow_ball_follower'
[30.524s] Level 1:colcon.colcon_core.package_discovery:discover_packages(recursive) using defaults
[30.525s] Level 1:colcon.colcon_core.package_discovery:discover_packages(ignore) discover
[30.525s] Level 1:colcon.colcon_core.package_discovery:discover_packages(ignore) using defaults
[30.525s] Level 1:colcon.colcon_core.package_discovery:discover_packages(path) discover
[30.526s] Level 1:colcon.colcon_core.package_discovery:discover_packages(path) using defaults
[32.233s] Level 1:colcon.colcon_core.package_discovery:discover_packages(prefix_path) check parameters
[32.233s] Level 1:colcon.colcon_core.package_discovery:discover_packages(prefix_path) discover
[32.496s] DEBUG:colcon.colcon_installed_package_information.package_discovery:Found 1 installed packages in /home/mohamad/Inmind/Robotics-Session13-Assignment/Ball_follower/install
[32.716s] DEBUG:colcon.colcon_installed_package_information.package_discovery:Found 337 installed packages in /opt/ros/humble
[32.749s] Level 1:colcon.colcon_core.package_discovery:discover_packages(prefix_path) using defaults
[40.453s] Level 5:colcon.colcon_core.verb:set package 'yellow_ball_follower' build argument 'cmake_args' from command line to 'None'
[40.453s] Level 5:colcon.colcon_core.verb:set package 'yellow_ball_follower' build argument 'cmake_target' from command line to 'None'
[40.453s] Level 5:colcon.colcon_core.verb:set package 'yellow_ball_follower' build argument 'cmake_target_skip_unavailable' from command line to 'False'
[40.453s] Level 5:colcon.colcon_core.verb:set package 'yellow_ball_follower' build argument 'cmake_clean_cache' from command line to 'False'
[40.453s] Level 5:colcon.colcon_core.verb:set package 'yellow_ball_follower' build argument 'cmake_clean_first' from command line to 'False'
[40.453s] Level 5:colcon.colcon_core.verb:set package 'yellow_ball_follower' build argument 'cmake_force_configure' from command line to 'False'
[40.454s] Level 5:colcon.colcon_core.verb:set package 'yellow_ball_follower' build argument 'ament_cmake_args' from command line to 'None'
[40.454s] Level 5:colcon.colcon_core.verb:set package 'yellow_ball_follower' build argument 'catkin_cmake_args' from command line to 'None'
[40.454s] Level 5:colcon.colcon_core.verb:set package 'yellow_ball_follower' build argument 'catkin_skip_building_tests' from command line to 'False'
[40.454s] DEBUG:colcon.colcon_core.verb:Building package 'yellow_ball_follower' with the following arguments: {'ament_cmake_args': None, 'build_base': '/home/mohamad/Inmind/Robotics-Session13-Assignment/Ball_follower/build/yellow_ball_follower', 'catkin_cmake_args': None, 'catkin_skip_building_tests': False, 'cmake_args': None, 'cmake_clean_cache': False, 'cmake_clean_first': False, 'cmake_force_configure': False, 'cmake_target': None, 'cmake_target_skip_unavailable': False, 'install_base': '/home/mohamad/Inmind/Robotics-Session13-Assignment/Ball_follower/install/yellow_ball_follower', 'merge_install': False, 'path': '/home/mohamad/Inmind/Robotics-Session13-Assignment/Ball_follower/src/yellow_ball_follower', 'symlink_install': False, 'test_result_base': None}
[40.454s] INFO:colcon.colcon_core.executor:Executing jobs using 'parallel' executor
[40.479s] DEBUG:colcon.colcon_parallel_executor.executor.parallel:run_until_complete
[40.484s] INFO:colcon.colcon_ros.task.ament_python.build:Building ROS package in '/home/mohamad/Inmind/Robotics-Session13-Assignment/Ball_follower/src/yellow_ball_follower' with build type 'ament_python'
[40.559s] Level 1:colcon.colcon_core.shell:create_environment_hook('yellow_ball_follower', 'ament_prefix_path')
[40.833s] INFO:colcon.colcon_core.plugin_system:Skipping extension 'colcon_core.shell.bat': Not used on non-Windows systems
[40.834s] INFO:colcon.colcon_core.shell:Creating environment hook '/home/mohamad/Inmind/Robotics-Session13-Assignment/Ball_follower/install/yellow_ball_follower/share/yellow_ball_follower/hook/ament_prefix_path.ps1'
[40.955s] INFO:colcon.colcon_core.shell:Creating environment descriptor '/home/mohamad/Inmind/Robotics-Session13-Assignment/Ball_follower/install/yellow_ball_follower/share/yellow_ball_follower/hook/ament_prefix_path.dsv'
[41.007s] INFO:colcon.colcon_core.shell:Creating environment hook '/home/mohamad/Inmind/Robotics-Session13-Assignment/Ball_follower/install/yellow_ball_follower/share/yellow_ball_follower/hook/ament_prefix_path.sh'
[41.084s] INFO:colcon.colcon_core.shell:Skip shell extension 'powershell' for command environment: Not usable outside of PowerShell
[41.184s] DEBUG:colcon.colcon_core.shell:Skip shell extension 'dsv' for command environment
[45.159s] INFO:colcon.colcon_core.task.python.build:Building Python package in '/home/mohamad/Inmind/Robotics-Session13-Assignment/Ball_follower/src/yellow_ball_follower'
[45.196s] INFO:colcon.colcon_core.shell:Skip shell extension 'powershell' for command environment: Not usable outside of PowerShell
[45.197s] DEBUG:colcon.colcon_core.shell:Skip shell extension 'dsv' for command environment
[57.252s] DEBUG:colcon.colcon_core.event_handler.log_command:Invoking command in '/home/mohamad/Inmind/Robotics-Session13-Assignment/Ball_follower/src/yellow_ball_follower': PYTHONPATH=/home/mohamad/Inmind/Robotics-Session13-Assignment/Ball_follower/build/yellow_ball_follower/prefix_override:/usr/lib/python3/dist-packages/colcon_core/task/python/colcon_distutils_commands:/home/mohamad/Inmind/Robotics-Session13-Assignment/Ball_follower/install/yellow_ball_follower/lib/python3.10/site-packages:${PYTHONPATH} /usr/bin/python3 -W ignore:setup.py install is deprecated setup.py egg_info --egg-base ../../build/yellow_ball_follower build --build-base /home/mohamad/Inmind/Robotics-Session13-Assignment/Ball_follower/build/yellow_ball_follower/build install --record /home/mohamad/Inmind/Robotics-Session13-Assignment/Ball_follower/build/yellow_ball_follower/install.log --single-version-externally-managed install_data
[62.345s] DEBUG:colcon.colcon_core.event_handler.log_command:Invoked command in '/home/mohamad/Inmind/Robotics-Session13-Assignment/Ball_follower/src/yellow_ball_follower' returned '0': PYTHONPATH=/home/mohamad/Inmind/Robotics-Session13-Assignment/Ball_follower/build/yellow_ball_follower/prefix_override:/usr/lib/python3/dist-packages/colcon_core/task/python/colcon_distutils_commands:/home/mohamad/Inmind/Robotics-Session13-Assignment/Ball_follower/install/yellow_ball_follower/lib/python3.10/site-packages:${PYTHONPATH} /usr/bin/python3 -W ignore:setup.py install is deprecated setup.py egg_info --egg-base ../../build/yellow_ball_follower build --build-base /home/mohamad/Inmind/Robotics-Session13-Assignment/Ball_follower/build/yellow_ball_follower/build install --record /home/mohamad/Inmind/Robotics-Session13-Assignment/Ball_follower/build/yellow_ball_follower/install.log --single-version-externally-managed install_data
[62.659s] Level 1:colcon.colcon_core.environment:checking '/home/mohamad/Inmind/Robotics-Session13-Assignment/Ball_follower/install/yellow_ball_follower' for CMake module files
[62.681s] Level 1:colcon.colcon_core.environment:checking '/home/mohamad/Inmind/Robotics-Session13-Assignment/Ball_follower/install/yellow_ball_follower' for CMake config files
[62.768s] Level 1:colcon.colcon_core.environment:checking '/home/mohamad/Inmind/Robotics-Session13-Assignment/Ball_follower/install/yellow_ball_follower/lib'
[62.779s] Level 1:colcon.colcon_core.environment:checking '/home/mohamad/Inmind/Robotics-Session13-Assignment/Ball_follower/install/yellow_ball_follower/bin'
[62.782s] Level 1:colcon.colcon_core.environment:checking '/home/mohamad/Inmind/Robotics-Session13-Assignment/Ball_follower/install/yellow_ball_follower/lib/pkgconfig/yellow_ball_follower.pc'
[62.790s] Level 1:colcon.colcon_core.environment:checking '/home/mohamad/Inmind/Robotics-Session13-Assignment/Ball_follower/install/yellow_ball_follower/lib/python3.10/site-packages'
[62.792s] Level 1:colcon.colcon_core.shell:create_environment_hook('yellow_ball_follower', 'pythonpath')
[62.875s] INFO:colcon.colcon_core.shell:Creating environment hook '/home/mohamad/Inmind/Robotics-Session13-Assignment/Ball_follower/install/yellow_ball_follower/share/yellow_ball_follower/hook/pythonpath.ps1'
[62.888s] INFO:colcon.colcon_core.shell:Creating environment descriptor '/home/mohamad/Inmind/Robotics-Session13-Assignment/Ball_follower/install/yellow_ball_follower/share/yellow_ball_follower/hook/pythonpath.dsv'
[63.038s] INFO:colcon.colcon_core.shell:Creating environment hook '/home/mohamad/Inmind/Robotics-Session13-Assignment/Ball_follower/install/yellow_ball_follower/share/yellow_ball_follower/hook/pythonpath.sh'
[63.065s] Level 1:colcon.colcon_core.environment:checking '/home/mohamad/Inmind/Robotics-Session13-Assignment/Ball_follower/install/yellow_ball_follower/bin'
[63.065s] Level 1:colcon.colcon_core.environment:create_environment_scripts_only(yellow_ball_follower)
[63.066s] INFO:colcon.colcon_core.shell:Creating package script '/home/mohamad/Inmind/Robotics-Session13-Assignment/Ball_follower/install/yellow_ball_follower/share/yellow_ball_follower/package.ps1'
[63.111s] INFO:colcon.colcon_core.shell:Creating package descriptor '/home/mohamad/Inmind/Robotics-Session13-Assignment/Ball_follower/install/yellow_ball_follower/share/yellow_ball_follower/package.dsv'
[63.162s] INFO:colcon.colcon_core.shell:Creating package script '/home/mohamad/Inmind/Robotics-Session13-Assignment/Ball_follower/install/yellow_ball_follower/share/yellow_ball_follower/package.sh'
[63.228s] INFO:colcon.colcon_core.shell:Creating package script '/home/mohamad/Inmind/Robotics-Session13-Assignment/Ball_follower/install/yellow_ball_follower/share/yellow_ball_follower/package.bash'
[63.295s] INFO:colcon.colcon_core.shell:Creating package script '/home/mohamad/Inmind/Robotics-Session13-Assignment/Ball_follower/install/yellow_ball_follower/share/yellow_ball_follower/package.zsh'
[63.395s] Level 1:colcon.colcon_core.environment:create_file_with_runtime_dependencies(/home/mohamad/Inmind/Robotics-Session13-Assignment/Ball_follower/install/yellow_ball_follower/share/colcon-core/packages/yellow_ball_follower)
[63.432s] DEBUG:colcon.colcon_parallel_executor.executor.parallel:closing loop
[63.437s] DEBUG:colcon.colcon_parallel_executor.executor.parallel:loop closed
[63.437s] DEBUG:colcon.colcon_parallel_executor.executor.parallel:run_until_complete finished with '0'
[63.437s] DEBUG:colcon.colcon_core.event_reactor:joining thread
[64.304s] INFO:colcon.colcon_core.plugin_system:Skipping extension 'colcon_notification.desktop_notification.terminal_notifier': Not used on non-Darwin systems
[64.306s] INFO:colcon.colcon_core.plugin_system:Skipping extension 'colcon_notification.desktop_notification.win32': Not used on non-Windows systems
[64.306s] INFO:colcon.colcon_notification.desktop_notification:Sending desktop notification using 'notify2'
[68.898s] DEBUG:colcon.colcon_core.event_reactor:joined thread
[68.900s] INFO:colcon.colcon_core.shell:Creating prefix script '/home/mohamad/Inmind/Robotics-Session13-Assignment/Ball_follower/install/local_setup.ps1'
[68.943s] INFO:colcon.colcon_core.shell:Creating prefix util module '/home/mohamad/Inmind/Robotics-Session13-Assignment/Ball_follower/install/_local_setup_util_ps1.py'
[69.038s] INFO:colcon.colcon_core.shell:Creating prefix chain script '/home/mohamad/Inmind/Robotics-Session13-Assignment/Ball_follower/install/setup.ps1'
[69.099s] INFO:colcon.colcon_core.shell:Creating prefix script '/home/mohamad/Inmind/Robotics-Session13-Assignment/Ball_follower/install/local_setup.sh'
[69.144s] INFO:colcon.colcon_core.shell:Creating prefix util module '/home/mohamad/Inmind/Robotics-Session13-Assignment/Ball_follower/install/_local_setup_util_sh.py'
[69.214s] INFO:colcon.colcon_core.shell:Creating prefix chain script '/home/mohamad/Inmind/Robotics-Session13-Assignment/Ball_follower/install/setup.sh'
[69.285s] INFO:colcon.colcon_core.shell:Creating prefix script '/home/mohamad/Inmind/Robotics-Session13-Assignment/Ball_follower/install/local_setup.bash'
[69.324s] INFO:colcon.colcon_core.shell:Creating prefix chain script '/home/mohamad/Inmind/Robotics-Session13-Assignment/Ball_follower/install/setup.bash'
[69.402s] INFO:colcon.colcon_core.shell:Creating prefix script '/home/mohamad/Inmind/Robotics-Session13-Assignment/Ball_follower/install/local_setup.zsh'
[69.420s] INFO:colcon.colcon_core.shell:Creating prefix chain script '/home/mohamad/Inmind/Robotics-Session13-Assignment/Ball_follower/install/setup.zsh'
