[1.871s] Invoking command in '/home/mohamad/Inmind/Robotics-Session13-Assignment/Ball_follower/src/yellow_ball_follower': PYTHONPATH=/home/mohamad/Inmind/Robotics-Session13-Assignment/Ball_follower/build/yellow_ball_follower/prefix_override:/usr/lib/python3/dist-packages/colcon_core/task/python/colcon_distutils_commands:/home/mohamad/Inmind/Robotics-Session13-Assignment/Ball_follower/install/yellow_ball_follower/lib/python3.10/site-packages:${PYTHONPATH} /usr/bin/python3 -W ignore:setup.py install is deprecated setup.py egg_info --egg-base ../../build/yellow_ball_follower build --build-base /home/mohamad/Inmind/Robotics-Session13-Assignment/Ball_follower/build/yellow_ball_follower/build install --record /home/mohamad/Inmind/Robotics-Session13-Assignment/Ball_follower/build/yellow_ball_follower/install.log --single-version-externally-managed install_data
[2.185s] running egg_info
[2.187s] writing ../../build/yellow_ball_follower/yellow_ball_follower.egg-info/PKG-INFO
[2.188s] writing dependency_links to ../../build/yellow_ball_follower/yellow_ball_follower.egg-info/dependency_links.txt
[2.189s] writing entry points to ../../build/yellow_ball_follower/yellow_ball_follower.egg-info/entry_points.txt
[2.191s] writing requirements to ../../build/yellow_ball_follower/yellow_ball_follower.egg-info/requires.txt
[2.192s] writing top-level names to ../../build/yellow_ball_follower/yellow_ball_follower.egg-info/top_level.txt
[2.195s] reading manifest file '../../build/yellow_ball_follower/yellow_ball_follower.egg-info/SOURCES.txt'
[2.204s] writing manifest file '../../build/yellow_ball_follower/yellow_ball_follower.egg-info/SOURCES.txt'
[2.205s] running build
[2.205s] running build_py
[2.206s] copying yellow_ball_follower/ball_tracker_node.py -> /home/mohamad/Inmind/Robotics-Session13-Assignment/Ball_follower/build/yellow_ball_follower/build/lib/yellow_ball_follower
[2.208s] running install
[2.209s] running install_lib
[2.210s] copying /home/mohamad/Inmind/Robotics-Session13-Assignment/Ball_follower/build/yellow_ball_follower/build/lib/yellow_ball_follower/ball_tracker_node.py -> /home/mohamad/Inmind/Robotics-Session13-Assignment/Ball_follower/install/yellow_ball_follower/lib/python3.10/site-packages/yellow_ball_follower
[2.212s] byte-compiling /home/mohamad/Inmind/Robotics-Session13-Assignment/Ball_follower/install/yellow_ball_follower/lib/python3.10/site-packages/yellow_ball_follower/ball_tracker_node.py to ball_tracker_node.cpython-310.pyc
[2.215s] running install_data
[2.216s] running install_egg_info
[2.218s] removing '/home/mohamad/Inmind/Robotics-Session13-Assignment/Ball_follower/install/yellow_ball_follower/lib/python3.10/site-packages/yellow_ball_follower-0.0.0-py3.10.egg-info' (and everything under it)
[2.223s] Copying ../../build/yellow_ball_follower/yellow_ball_follower.egg-info to /home/mohamad/Inmind/Robotics-Session13-Assignment/Ball_follower/install/yellow_ball_follower/lib/python3.10/site-packages/yellow_ball_follower-0.0.0-py3.10.egg-info
[2.266s] running install_scripts
[2.288s] Installing ball_tracker_node script to /home/mohamad/Inmind/Robotics-Session13-Assignment/Ball_follower/install/yellow_ball_follower/lib/yellow_ball_follower
[2.290s] writing list of installed files to '/home/mohamad/Inmind/Robotics-Session13-Assignment/Ball_follower/build/yellow_ball_follower/install.log'
[2.316s] Invoked command in '/home/mohamad/Inmind/Robotics-Session13-Assignment/Ball_follower/src/yellow_ball_follower' returned '0': PYTHONPATH=/home/mohamad/Inmind/Robotics-Session13-Assignment/Ball_follower/build/yellow_ball_follower/prefix_override:/usr/lib/python3/dist-packages/colcon_core/task/python/colcon_distutils_commands:/home/mohamad/Inmind/Robotics-Session13-Assignment/Ball_follower/install/yellow_ball_follower/lib/python3.10/site-packages:${PYTHONPATH} /usr/bin/python3 -W ignore:setup.py install is deprecated setup.py egg_info --egg-base ../../build/yellow_ball_follower build --build-base /home/mohamad/Inmind/Robotics-Session13-Assignment/Ball_follower/build/yellow_ball_follower/build install --record /home/mohamad/Inmind/Robotics-Session13-Assignment/Ball_follower/build/yellow_ball_follower/install.log --single-version-externally-managed install_data
