[1.340s] Invoking command in '/home/mohamad/Inmind/Robotics-Session13-Assignment/Ball_follower/src/yellow_ball_follower': PYTHONPATH=/home/mohamad/Inmind/Robotics-Session13-Assignment/Ball_follower/build/yellow_ball_follower/prefix_override:/usr/lib/python3/dist-packages/colcon_core/task/python/colcon_distutils_commands:/home/mohamad/Inmind/Robotics-Session13-Assignment/Ball_follower/install/yellow_ball_follower/lib/python3.10/site-packages:${PYTHONPATH} /usr/bin/python3 -W ignore:setup.py install is deprecated setup.py egg_info --egg-base ../../build/yellow_ball_follower build --build-base /home/mohamad/Inmind/Robotics-Session13-Assignment/Ball_follower/build/yellow_ball_follower/build install --record /home/mohamad/Inmind/Robotics-Session13-Assignment/Ball_follower/build/yellow_ball_follower/install.log --single-version-externally-managed install_data
[1.617s] running egg_info
[1.617s] creating ../../build/yellow_ball_follower/yellow_ball_follower.egg-info
[1.618s] writing ../../build/yellow_ball_follower/yellow_ball_follower.egg-info/PKG-INFO
[1.618s] writing dependency_links to ../../build/yellow_ball_follower/yellow_ball_follower.egg-info/dependency_links.txt
[1.618s] writing entry points to ../../build/yellow_ball_follower/yellow_ball_follower.egg-info/entry_points.txt
[1.619s] writing requirements to ../../build/yellow_ball_follower/yellow_ball_follower.egg-info/requires.txt
[1.619s] writing top-level names to ../../build/yellow_ball_follower/yellow_ball_follower.egg-info/top_level.txt
[1.619s] writing manifest file '../../build/yellow_ball_follower/yellow_ball_follower.egg-info/SOURCES.txt'
[1.621s] reading manifest file '../../build/yellow_ball_follower/yellow_ball_follower.egg-info/SOURCES.txt'
[1.622s] writing manifest file '../../build/yellow_ball_follower/yellow_ball_follower.egg-info/SOURCES.txt'
[1.623s] running build
[1.623s] running build_py
[1.623s] creating /home/mohamad/Inmind/Robotics-Session13-Assignment/Ball_follower/build/yellow_ball_follower/build
[1.623s] creating /home/mohamad/Inmind/Robotics-Session13-Assignment/Ball_follower/build/yellow_ball_follower/build/lib
[1.623s] creating /home/mohamad/Inmind/Robotics-Session13-Assignment/Ball_follower/build/yellow_ball_follower/build/lib/yellow_ball_follower
[1.623s] copying yellow_ball_follower/__init__.py -> /home/mohamad/Inmind/Robotics-Session13-Assignment/Ball_follower/build/yellow_ball_follower/build/lib/yellow_ball_follower
[1.623s] running install
[1.623s] running install_lib
[1.624s] creating /home/mohamad/Inmind/Robotics-Session13-Assignment/Ball_follower/install/yellow_ball_follower/lib/python3.10/site-packages/yellow_ball_follower
[1.625s] copying /home/mohamad/Inmind/Robotics-Session13-Assignment/Ball_follower/build/yellow_ball_follower/build/lib/yellow_ball_follower/__init__.py -> /home/mohamad/Inmind/Robotics-Session13-Assignment/Ball_follower/install/yellow_ball_follower/lib/python3.10/site-packages/yellow_ball_follower
[1.625s] byte-compiling /home/mohamad/Inmind/Robotics-Session13-Assignment/Ball_follower/install/yellow_ball_follower/lib/python3.10/site-packages/yellow_ball_follower/__init__.py to __init__.cpython-310.pyc
[1.626s] running install_data
[1.626s] creating /home/mohamad/Inmind/Robotics-Session13-Assignment/Ball_follower/install/yellow_ball_follower/share/ament_index
[1.626s] creating /home/mohamad/Inmind/Robotics-Session13-Assignment/Ball_follower/install/yellow_ball_follower/share/ament_index/resource_index
[1.626s] creating /home/mohamad/Inmind/Robotics-Session13-Assignment/Ball_follower/install/yellow_ball_follower/share/ament_index/resource_index/packages
[1.626s] copying resource/yellow_ball_follower -> /home/mohamad/Inmind/Robotics-Session13-Assignment/Ball_follower/install/yellow_ball_follower/share/ament_index/resource_index/packages
[1.626s] copying package.xml -> /home/mohamad/Inmind/Robotics-Session13-Assignment/Ball_follower/install/yellow_ball_follower/share/yellow_ball_follower
[1.626s] running install_egg_info
[1.627s] Copying ../../build/yellow_ball_follower/yellow_ball_follower.egg-info to /home/mohamad/Inmind/Robotics-Session13-Assignment/Ball_follower/install/yellow_ball_follower/lib/python3.10/site-packages/yellow_ball_follower-0.0.0-py3.10.egg-info
[1.628s] running install_scripts
[1.648s] writing list of installed files to '/home/mohamad/Inmind/Robotics-Session13-Assignment/Ball_follower/build/yellow_ball_follower/install.log'
[1.669s] Invoked command in '/home/mohamad/Inmind/Robotics-Session13-Assignment/Ball_follower/src/yellow_ball_follower' returned '0': PYTHONPATH=/home/mohamad/Inmind/Robotics-Session13-Assignment/Ball_follower/build/yellow_ball_follower/prefix_override:/usr/lib/python3/dist-packages/colcon_core/task/python/colcon_distutils_commands:/home/mohamad/Inmind/Robotics-Session13-Assignment/Ball_follower/install/yellow_ball_follower/lib/python3.10/site-packages:${PYTHONPATH} /usr/bin/python3 -W ignore:setup.py install is deprecated setup.py egg_info --egg-base ../../build/yellow_ball_follower build --build-base /home/mohamad/Inmind/Robotics-Session13-Assignment/Ball_follower/build/yellow_ball_follower/build install --record /home/mohamad/Inmind/Robotics-Session13-Assignment/Ball_follower/build/yellow_ball_follower/install.log --single-version-externally-managed install_data
